d:\onedrive - vnu-hcmus\hcmus\ktmt_hn\ktmt_hn_project1\ktmt_hn_project1\debug\vc120.pdb
d:\onedrive - vnu-hcmus\hcmus\ktmt_hn\ktmt_hn_project1\ktmt_hn_project1\debug\vc120.idb
d:\onedrive - vnu-hcmus\hcmus\ktmt_hn\ktmt_hn_project1\ktmt_hn_project1\debug\main.obj
d:\onedrive - vnu-hcmus\hcmus\ktmt_hn\ktmt_hn_project1\ktmt_hn_project1\debug\qint.obj
d:\onedrive - vnu-hcmus\hcmus\ktmt_hn\ktmt_hn_project1\ktmt_hn_project1\debug\qfloat.obj
d:\onedrive - vnu-hcmus\hcmus\ktmt_hn\ktmt_hn_project1\debug\ktmt_hn_project1.ilk
d:\onedrive - vnu-hcmus\hcmus\ktmt_hn\ktmt_hn_project1\debug\ktmt_hn_project1.exe
d:\onedrive - vnu-hcmus\hcmus\ktmt_hn\ktmt_hn_project1\debug\ktmt_hn_project1.pdb
d:\onedrive - vnu-hcmus\hcmus\ktmt_hn\ktmt_hn_project1\ktmt_hn_project1\debug\ktmt_hn_project1.tlog\cl.command.1.tlog
d:\onedrive - vnu-hcmus\hcmus\ktmt_hn\ktmt_hn_project1\ktmt_hn_project1\debug\ktmt_hn_project1.tlog\cl.read.1.tlog
d:\onedrive - vnu-hcmus\hcmus\ktmt_hn\ktmt_hn_project1\ktmt_hn_project1\debug\ktmt_hn_project1.tlog\cl.write.1.tlog
d:\onedrive - vnu-hcmus\hcmus\ktmt_hn\ktmt_hn_project1\ktmt_hn_project1\debug\ktmt_hn_project1.tlog\link-cvtres.read.1.tlog
d:\onedrive - vnu-hcmus\hcmus\ktmt_hn\ktmt_hn_project1\ktmt_hn_project1\debug\ktmt_hn_project1.tlog\link-cvtres.write.1.tlog
d:\onedrive - vnu-hcmus\hcmus\ktmt_hn\ktmt_hn_project1\ktmt_hn_project1\debug\ktmt_hn_project1.tlog\link-rc.read.1.tlog
d:\onedrive - vnu-hcmus\hcmus\ktmt_hn\ktmt_hn_project1\ktmt_hn_project1\debug\ktmt_hn_project1.tlog\link-rc.write.1.tlog
d:\onedrive - vnu-hcmus\hcmus\ktmt_hn\ktmt_hn_project1\ktmt_hn_project1\debug\ktmt_hn_project1.tlog\link.13340-cvtres.read.1.tlog
d:\onedrive - vnu-hcmus\hcmus\ktmt_hn\ktmt_hn_project1\ktmt_hn_project1\debug\ktmt_hn_project1.tlog\link.13340-cvtres.write.1.tlog
d:\onedrive - vnu-hcmus\hcmus\ktmt_hn\ktmt_hn_project1\ktmt_hn_project1\debug\ktmt_hn_project1.tlog\link.13340-rc.read.1.tlog
d:\onedrive - vnu-hcmus\hcmus\ktmt_hn\ktmt_hn_project1\ktmt_hn_project1\debug\ktmt_hn_project1.tlog\link.13340-rc.write.1.tlog
d:\onedrive - vnu-hcmus\hcmus\ktmt_hn\ktmt_hn_project1\ktmt_hn_project1\debug\ktmt_hn_project1.tlog\link.13340.read.1.tlog
d:\onedrive - vnu-hcmus\hcmus\ktmt_hn\ktmt_hn_project1\ktmt_hn_project1\debug\ktmt_hn_project1.tlog\link.13340.write.1.tlog
d:\onedrive - vnu-hcmus\hcmus\ktmt_hn\ktmt_hn_project1\ktmt_hn_project1\debug\ktmt_hn_project1.tlog\link.command.1.tlog
d:\onedrive - vnu-hcmus\hcmus\ktmt_hn\ktmt_hn_project1\ktmt_hn_project1\debug\ktmt_hn_project1.tlog\link.read.1.tlog
d:\onedrive - vnu-hcmus\hcmus\ktmt_hn\ktmt_hn_project1\ktmt_hn_project1\debug\ktmt_hn_project1.tlog\link.write.1.tlog
